<?xml version="1.0" encoding="UTF-8"?>
<robot generator="Robot 3.2.2 (Python 3.7.0 on win32)" generated="20221226 08:26:58.769" rpa="false">
<suite id="s1" name="TestSuite1" source="D:\eclipse-workspace\RobotProject1\Test\TestSuite1.robot">
<test id="s1-t1" name="MyFirstTest">
<kw name="Log" library="BuiltIn" type="setup">
<doc>Logs the given message with the given level.</doc>
<arguments>
<arg>In test setup</arg>
</arguments>
<msg timestamp="20221226 08:26:59.169" level="INFO">In test setup</msg>
<status status="PASS" starttime="20221226 08:26:59.169" endtime="20221226 08:26:59.170"></status>
</kw>
<kw name="Log" library="BuiltIn">
<doc>Logs the given message with the given level.</doc>
<arguments>
<arg>Inside first test</arg>
</arguments>
<msg timestamp="20221226 08:26:59.171" level="INFO">Inside first test</msg>
<status status="PASS" starttime="20221226 08:26:59.170" endtime="20221226 08:26:59.171"></status>
</kw>
<kw name="Log" library="BuiltIn" type="teardown">
<doc>Logs the given message with the given level.</doc>
<arguments>
<arg>In test teardown</arg>
</arguments>
<msg timestamp="20221226 08:26:59.172" level="INFO">In test teardown</msg>
<status status="PASS" starttime="20221226 08:26:59.171" endtime="20221226 08:26:59.172"></status>
</kw>
<doc>This is my first test</doc>
<tags>
<tag>Regression</tag>
</tags>
<status status="PASS" starttime="20221226 08:26:59.167" endtime="20221226 08:26:59.172" critical="yes"></status>
</test>
<test id="s1-t2" name="MySecondTest">
<kw name="Log" library="BuiltIn" type="setup">
<doc>Logs the given message with the given level.</doc>
<arguments>
<arg>In test setup</arg>
</arguments>
<msg timestamp="20221226 08:26:59.179" level="INFO">In test setup</msg>
<status status="PASS" starttime="20221226 08:26:59.179" endtime="20221226 08:26:59.179"></status>
</kw>
<kw name="Log" library="BuiltIn">
<doc>Logs the given message with the given level.</doc>
<arguments>
<arg>Inside second test</arg>
</arguments>
<msg timestamp="20221226 08:26:59.180" level="INFO">Inside second test</msg>
<status status="PASS" starttime="20221226 08:26:59.180" endtime="20221226 08:26:59.180"></status>
</kw>
<kw name="Set Tags" library="BuiltIn">
<doc>Adds given ``tags`` for the current test or all tests in a suite.</doc>
<arguments>
<arg>Sprint 1 feature test</arg>
</arguments>
<msg timestamp="20221226 08:26:59.181" level="INFO">Set tag 'Sprint 1 feature test'.</msg>
<status status="PASS" starttime="20221226 08:26:59.181" endtime="20221226 08:26:59.181"></status>
</kw>
<kw name="Remove Tags" library="BuiltIn">
<doc>Removes given ``tags`` from the current test or all tests in a suite.</doc>
<arguments>
<arg>Sprint 1 feature test</arg>
</arguments>
<msg timestamp="20221226 08:26:59.183" level="INFO">Removed tag 'Sprint 1 feature test'.</msg>
<status status="PASS" starttime="20221226 08:26:59.182" endtime="20221226 08:26:59.183"></status>
</kw>
<kw name="Log" library="BuiltIn" type="teardown">
<doc>Logs the given message with the given level.</doc>
<arguments>
<arg>In test teardown</arg>
</arguments>
<msg timestamp="20221226 08:26:59.184" level="INFO">In test teardown</msg>
<status status="PASS" starttime="20221226 08:26:59.184" endtime="20221226 08:26:59.185"></status>
</kw>
<doc>This is my second test</doc>
<tags>
<tag>Sprint1</tag>
</tags>
<status status="PASS" starttime="20221226 08:26:59.177" endtime="20221226 08:26:59.185" critical="yes"></status>
</test>
<status status="PASS" starttime="20221226 08:26:58.774" endtime="20221226 08:26:59.187"></status>
</suite>
<statistics>
<total>
<stat pass="2" fail="0">Critical Tests</stat>
<stat pass="2" fail="0">All Tests</stat>
</total>
<tag>
<stat pass="1" fail="0">Regression</stat>
<stat pass="1" fail="0">Sprint1</stat>
</tag>
<suite>
<stat pass="2" fail="0" id="s1" name="TestSuite1">TestSuite1</stat>
</suite>
</statistics>
<errors>
</errors>
</robot>
